Drill report for DLA OCBEGO.kicad_pcb
Created on 2025-02-22T19:08:38+0100

Copper Layer Stackup:
    =============================================================
    L1 :  F.Cu                      front
    L2 :  B.Cu                      back


Drill file 'DLA OCBEGO-PTH.drl' contains
    plated through holes:
    =============================================================
    T1  0,300mm  0,0118"  (7 holes)
    T2  0,800mm  0,0315"  (42 holes)
    T3  0,850mm  0,0335"  (4 holes)
    T4  0,900mm  0,0354"  (7 holes)
    T5  1,000mm  0,0394"  (5 holes)
    T6  1,100mm  0,0433"  (9 holes)
    T7  1,500mm  0,0591"  (2 holes)  (with 2 slots)
    T8  1,550mm  0,0610"  (2 holes)

    Total plated holes count 78


Drill file 'DLA OCBEGO-NPTH.drl' contains
    unplated through holes:
    =============================================================

    Total unplated holes count 0
